  [1m[36m (1.1ms)[0m  [1mCREATE TABLE "schema_migrations" ("version" varchar(255) NOT NULL) [0m
  [1m[35m (0.1ms)[0m  select sqlite_version(*)
  [1m[36m (1.0ms)[0m  [1mCREATE UNIQUE INDEX "unique_schema_migrations" ON "schema_migrations" ("version")[0m
  [1m[35mActiveRecord::SchemaMigration Load (0.1ms)[0m  SELECT "schema_migrations".* FROM "schema_migrations"
Migrating to CreatePayolaSales (20141001170138)
  [1m[36m (0.1ms)[0m  [1mbegin transaction[0m
  [1m[35m (0.5ms)[0m  CREATE TABLE "payola_sales" ("id" INTEGER PRIMARY KEY AUTOINCREMENT NOT NULL, "email" varchar(255), "guid" varchar(255), "product_id" integer, "product_type" varchar(255), "created_at" datetime, "updated_at" datetime, "state" varchar(255), "stripe_id" varchar(255), "stripe_token" varchar(255), "card_last4" varchar(255), "card_expiration" date, "card_type" varchar(255), "error" text, "amount" integer, "fee_amount" integer, "coupon_id" integer, "opt_in" boolean, "download_count" integer, "affiliate_id" integer, "customer_address" text, "business_address" text) 
  [1m[36m (0.2ms)[0m  [1mCREATE  INDEX "index_sales_on_coupon_id" ON "sales" ("coupon_id")[0m
SQLite3::SQLException: no such table: main.sales: CREATE  INDEX "index_sales_on_coupon_id" ON "sales" ("coupon_id")
  [1m[35m (0.3ms)[0m  rollback transaction
  [1m[36mActiveRecord::SchemaMigration Load (0.1ms)[0m  [1mSELECT "schema_migrations".* FROM "schema_migrations"[0m
Migrating to CreatePayolaSales (20141001170138)
  [1m[35m (0.0ms)[0m  begin transaction
  [1m[36m (0.5ms)[0m  [1mCREATE TABLE "payola_sales" ("id" INTEGER PRIMARY KEY AUTOINCREMENT NOT NULL, "email" varchar(255), "guid" varchar(255), "product_id" integer, "product_type" varchar(255), "created_at" datetime, "updated_at" datetime, "state" varchar(255), "stripe_id" varchar(255), "stripe_token" varchar(255), "card_last4" varchar(255), "card_expiration" date, "card_type" varchar(255), "error" text, "amount" integer, "fee_amount" integer, "coupon_id" integer, "opt_in" boolean, "download_count" integer, "affiliate_id" integer, "customer_address" text, "business_address" text) [0m
  [1m[35m (0.1ms)[0m  select sqlite_version(*)
  [1m[36m (0.1ms)[0m  [1mCREATE  INDEX "index_payola_sales_on_coupon_id" ON "payola_sales" ("coupon_id")[0m
  [1m[35m (0.1ms)[0m              SELECT sql
            FROM sqlite_master
            WHERE name='index_payola_sales_on_coupon_id' AND type='index'
            UNION ALL
            SELECT sql
            FROM sqlite_temp_master
            WHERE name='index_payola_sales_on_coupon_id' AND type='index'

  [1m[36m (0.1ms)[0m  [1mCREATE  INDEX "index_payola_sales_on_product" ON "payola_sales" ("product_id", "product_type")[0m
  [1m[35m (0.1ms)[0m              SELECT sql
            FROM sqlite_master
            WHERE name='index_payola_sales_on_product' AND type='index'
            UNION ALL
            SELECT sql
            FROM sqlite_temp_master
            WHERE name='index_payola_sales_on_product' AND type='index'

  [1m[36m (0.1ms)[0m  [1m            SELECT sql
            FROM sqlite_master
            WHERE name='index_payola_sales_on_coupon_id' AND type='index'
            UNION ALL
            SELECT sql
            FROM sqlite_temp_master
            WHERE name='index_payola_sales_on_coupon_id' AND type='index'
[0m
  [1m[35m (0.1ms)[0m  CREATE  INDEX "index_payola_sales_on_email" ON "payola_sales" ("email")
  [1m[36m (0.1ms)[0m  [1m            SELECT sql
            FROM sqlite_master
            WHERE name='index_payola_sales_on_email' AND type='index'
            UNION ALL
            SELECT sql
            FROM sqlite_temp_master
            WHERE name='index_payola_sales_on_email' AND type='index'
[0m
  [1m[35m (0.1ms)[0m              SELECT sql
            FROM sqlite_master
            WHERE name='index_payola_sales_on_product' AND type='index'
            UNION ALL
            SELECT sql
            FROM sqlite_temp_master
            WHERE name='index_payola_sales_on_product' AND type='index'

  [1m[36m (0.1ms)[0m  [1m            SELECT sql
            FROM sqlite_master
            WHERE name='index_payola_sales_on_coupon_id' AND type='index'
            UNION ALL
            SELECT sql
            FROM sqlite_temp_master
            WHERE name='index_payola_sales_on_coupon_id' AND type='index'
[0m
  [1m[35m (0.1ms)[0m  CREATE  INDEX "index_payola_sales_on_guid" ON "payola_sales" ("guid")
  [1m[36mSQL (0.4ms)[0m  [1mINSERT INTO "schema_migrations" ("version") VALUES (?)[0m  [["version", "20141001170138"]]
  [1m[35m (0.8ms)[0m  commit transaction
  [1m[36mActiveRecord::SchemaMigration Load (0.1ms)[0m  [1mSELECT "schema_migrations".* FROM "schema_migrations"[0m
  [1m[35m (0.1ms)[0m              SELECT sql
            FROM sqlite_master
            WHERE name='index_payola_sales_on_guid' AND type='index'
            UNION ALL
            SELECT sql
            FROM sqlite_temp_master
            WHERE name='index_payola_sales_on_guid' AND type='index'

  [1m[36m (0.1ms)[0m  [1m            SELECT sql
            FROM sqlite_master
            WHERE name='index_payola_sales_on_email' AND type='index'
            UNION ALL
            SELECT sql
            FROM sqlite_temp_master
            WHERE name='index_payola_sales_on_email' AND type='index'
[0m
  [1m[35m (0.1ms)[0m              SELECT sql
            FROM sqlite_master
            WHERE name='index_payola_sales_on_product' AND type='index'
            UNION ALL
            SELECT sql
            FROM sqlite_temp_master
            WHERE name='index_payola_sales_on_product' AND type='index'

  [1m[36m (0.1ms)[0m  [1m            SELECT sql
            FROM sqlite_master
            WHERE name='index_payola_sales_on_coupon_id' AND type='index'
            UNION ALL
            SELECT sql
            FROM sqlite_temp_master
            WHERE name='index_payola_sales_on_coupon_id' AND type='index'
[0m
  [1m[36mActiveRecord::SchemaMigration Load (0.1ms)[0m  [1mSELECT "schema_migrations".* FROM "schema_migrations"[0m
Migrating to CreatePayolaStripeWebhooks (20141001203541)
  [1m[35m (0.1ms)[0m  begin transaction
  [1m[36m (0.4ms)[0m  [1mCREATE TABLE "payola_stripe_webhooks" ("id" INTEGER PRIMARY KEY AUTOINCREMENT NOT NULL, "stripe_id" varchar(255), "created_at" datetime, "updated_at" datetime) [0m
  [1m[35mSQL (0.3ms)[0m  INSERT INTO "schema_migrations" ("version") VALUES (?)  [["version", "20141001203541"]]
  [1m[36m (2.2ms)[0m  [1mcommit transaction[0m
  [1m[35mActiveRecord::SchemaMigration Load (0.1ms)[0m  SELECT "schema_migrations".* FROM "schema_migrations"
  [1m[36m (0.2ms)[0m  [1m            SELECT sql
            FROM sqlite_master
            WHERE name='index_payola_sales_on_guid' AND type='index'
            UNION ALL
            SELECT sql
            FROM sqlite_temp_master
            WHERE name='index_payola_sales_on_guid' AND type='index'
[0m
  [1m[35m (0.1ms)[0m              SELECT sql
            FROM sqlite_master
            WHERE name='index_payola_sales_on_email' AND type='index'
            UNION ALL
            SELECT sql
            FROM sqlite_temp_master
            WHERE name='index_payola_sales_on_email' AND type='index'

  [1m[36m (0.1ms)[0m  [1m            SELECT sql
            FROM sqlite_master
            WHERE name='index_payola_sales_on_product' AND type='index'
            UNION ALL
            SELECT sql
            FROM sqlite_temp_master
            WHERE name='index_payola_sales_on_product' AND type='index'
[0m
  [1m[35m (0.1ms)[0m              SELECT sql
            FROM sqlite_master
            WHERE name='index_payola_sales_on_coupon_id' AND type='index'
            UNION ALL
            SELECT sql
            FROM sqlite_temp_master
            WHERE name='index_payola_sales_on_coupon_id' AND type='index'

  [1m[36m (3.0ms)[0m  [1mCREATE TABLE "payola_sales" ("id" INTEGER PRIMARY KEY AUTOINCREMENT NOT NULL, "email" varchar(255), "guid" varchar(255), "product_id" integer, "product_type" varchar(255), "created_at" datetime, "updated_at" datetime, "state" varchar(255), "stripe_id" varchar(255), "stripe_token" varchar(255), "card_last4" varchar(255), "card_expiration" date, "card_type" varchar(255), "error" text, "amount" integer, "fee_amount" integer, "coupon_id" integer, "opt_in" boolean, "download_count" integer, "affiliate_id" integer, "customer_address" text, "business_address" text) [0m
  [1m[35m (0.2ms)[0m  select sqlite_version(*)
  [1m[36m (1.0ms)[0m  [1mCREATE  INDEX "index_payola_sales_on_coupon_id" ON "payola_sales" ("coupon_id")[0m
  [1m[35m (0.1ms)[0m              SELECT sql
            FROM sqlite_master
            WHERE name='index_payola_sales_on_coupon_id' AND type='index'
            UNION ALL
            SELECT sql
            FROM sqlite_temp_master
            WHERE name='index_payola_sales_on_coupon_id' AND type='index'

  [1m[36m (0.8ms)[0m  [1mCREATE  INDEX "index_payola_sales_on_email" ON "payola_sales" ("email")[0m
  [1m[35m (0.1ms)[0m              SELECT sql
            FROM sqlite_master
            WHERE name='index_payola_sales_on_email' AND type='index'
            UNION ALL
            SELECT sql
            FROM sqlite_temp_master
            WHERE name='index_payola_sales_on_email' AND type='index'

  [1m[36m (0.1ms)[0m  [1m            SELECT sql
            FROM sqlite_master
            WHERE name='index_payola_sales_on_coupon_id' AND type='index'
            UNION ALL
            SELECT sql
            FROM sqlite_temp_master
            WHERE name='index_payola_sales_on_coupon_id' AND type='index'
[0m
  [1m[35m (0.8ms)[0m  CREATE  INDEX "index_payola_sales_on_guid" ON "payola_sales" ("guid")
  [1m[36m (0.1ms)[0m  [1m            SELECT sql
            FROM sqlite_master
            WHERE name='index_payola_sales_on_guid' AND type='index'
            UNION ALL
            SELECT sql
            FROM sqlite_temp_master
            WHERE name='index_payola_sales_on_guid' AND type='index'
[0m
  [1m[35m (0.1ms)[0m              SELECT sql
            FROM sqlite_master
            WHERE name='index_payola_sales_on_email' AND type='index'
            UNION ALL
            SELECT sql
            FROM sqlite_temp_master
            WHERE name='index_payola_sales_on_email' AND type='index'

  [1m[36m (0.1ms)[0m  [1m            SELECT sql
            FROM sqlite_master
            WHERE name='index_payola_sales_on_coupon_id' AND type='index'
            UNION ALL
            SELECT sql
            FROM sqlite_temp_master
            WHERE name='index_payola_sales_on_coupon_id' AND type='index'
[0m
  [1m[35m (0.7ms)[0m  CREATE  INDEX "index_payola_sales_on_product" ON "payola_sales" ("product_id", "product_type")
  [1m[36m (0.7ms)[0m  [1mCREATE TABLE "payola_stripe_webhooks" ("id" INTEGER PRIMARY KEY AUTOINCREMENT NOT NULL, "stripe_id" varchar(255), "created_at" datetime, "updated_at" datetime) [0m
  [1m[35m (0.9ms)[0m  CREATE TABLE "schema_migrations" ("version" varchar(255) NOT NULL) 
  [1m[36m (0.7ms)[0m  [1mCREATE UNIQUE INDEX "unique_schema_migrations" ON "schema_migrations" ("version")[0m
  [1m[35m (0.1ms)[0m  SELECT version FROM "schema_migrations"
  [1m[36m (0.8ms)[0m  [1mINSERT INTO "schema_migrations" (version) VALUES ('20141001203541')[0m
  [1m[35m (0.7ms)[0m  INSERT INTO "schema_migrations" (version) VALUES ('20141001170138')
  [1m[36m (2.5ms)[0m  [1mCREATE TABLE "payola_sales" ("id" INTEGER PRIMARY KEY AUTOINCREMENT NOT NULL, "email" varchar(255), "guid" varchar(255), "product_id" integer, "product_type" varchar(255), "created_at" datetime, "updated_at" datetime, "state" varchar(255), "stripe_id" varchar(255), "stripe_token" varchar(255), "card_last4" varchar(255), "card_expiration" date, "card_type" varchar(255), "error" text, "amount" integer, "fee_amount" integer, "coupon_id" integer, "opt_in" boolean, "download_count" integer, "affiliate_id" integer, "customer_address" text, "business_address" text) [0m
  [1m[35m (0.2ms)[0m  select sqlite_version(*)
  [1m[36m (0.9ms)[0m  [1mCREATE  INDEX "index_payola_sales_on_coupon_id" ON "payola_sales" ("coupon_id")[0m
  [1m[35m (0.1ms)[0m              SELECT sql
            FROM sqlite_master
            WHERE name='index_payola_sales_on_coupon_id' AND type='index'
            UNION ALL
            SELECT sql
            FROM sqlite_temp_master
            WHERE name='index_payola_sales_on_coupon_id' AND type='index'

  [1m[36m (0.8ms)[0m  [1mCREATE  INDEX "index_payola_sales_on_email" ON "payola_sales" ("email")[0m
  [1m[35m (0.1ms)[0m              SELECT sql
            FROM sqlite_master
            WHERE name='index_payola_sales_on_email' AND type='index'
            UNION ALL
            SELECT sql
            FROM sqlite_temp_master
            WHERE name='index_payola_sales_on_email' AND type='index'

  [1m[36m (0.1ms)[0m  [1m            SELECT sql
            FROM sqlite_master
            WHERE name='index_payola_sales_on_coupon_id' AND type='index'
            UNION ALL
            SELECT sql
            FROM sqlite_temp_master
            WHERE name='index_payola_sales_on_coupon_id' AND type='index'
[0m
  [1m[35m (0.9ms)[0m  CREATE  INDEX "index_payola_sales_on_guid" ON "payola_sales" ("guid")
  [1m[36m (0.1ms)[0m  [1m            SELECT sql
            FROM sqlite_master
            WHERE name='index_payola_sales_on_guid' AND type='index'
            UNION ALL
            SELECT sql
            FROM sqlite_temp_master
            WHERE name='index_payola_sales_on_guid' AND type='index'
[0m
  [1m[35m (0.1ms)[0m              SELECT sql
            FROM sqlite_master
            WHERE name='index_payola_sales_on_email' AND type='index'
            UNION ALL
            SELECT sql
            FROM sqlite_temp_master
            WHERE name='index_payola_sales_on_email' AND type='index'

  [1m[36m (0.1ms)[0m  [1m            SELECT sql
            FROM sqlite_master
            WHERE name='index_payola_sales_on_coupon_id' AND type='index'
            UNION ALL
            SELECT sql
            FROM sqlite_temp_master
            WHERE name='index_payola_sales_on_coupon_id' AND type='index'
[0m
  [1m[35m (0.9ms)[0m  CREATE  INDEX "index_payola_sales_on_product" ON "payola_sales" ("product_id", "product_type")
  [1m[36m (1.0ms)[0m  [1mCREATE TABLE "payola_stripe_webhooks" ("id" INTEGER PRIMARY KEY AUTOINCREMENT NOT NULL, "stripe_id" varchar(255), "created_at" datetime, "updated_at" datetime) [0m
  [1m[35m (0.9ms)[0m  CREATE TABLE "schema_migrations" ("version" varchar(255) NOT NULL) 
  [1m[36m (1.0ms)[0m  [1mCREATE UNIQUE INDEX "unique_schema_migrations" ON "schema_migrations" ("version")[0m
  [1m[35m (0.1ms)[0m  SELECT version FROM "schema_migrations"
  [1m[36m (1.2ms)[0m  [1mINSERT INTO "schema_migrations" (version) VALUES ('20141001203541')[0m
  [1m[35m (1.1ms)[0m  INSERT INTO "schema_migrations" (version) VALUES ('20141001170138')
  [1m[36m (2.8ms)[0m  [1mCREATE TABLE "payola_sales" ("id" INTEGER PRIMARY KEY AUTOINCREMENT NOT NULL, "email" varchar(255), "guid" varchar(255), "product_id" integer, "product_type" varchar(255), "created_at" datetime, "updated_at" datetime, "state" varchar(255), "stripe_id" varchar(255), "stripe_token" varchar(255), "card_last4" varchar(255), "card_expiration" date, "card_type" varchar(255), "error" text, "amount" integer, "fee_amount" integer, "coupon_id" integer, "opt_in" boolean, "download_count" integer, "affiliate_id" integer, "customer_address" text, "business_address" text) [0m
  [1m[35m (0.2ms)[0m  select sqlite_version(*)
  [1m[36m (1.2ms)[0m  [1mCREATE  INDEX "index_payola_sales_on_coupon_id" ON "payola_sales" ("coupon_id")[0m
  [1m[35m (0.1ms)[0m              SELECT sql
            FROM sqlite_master
            WHERE name='index_payola_sales_on_coupon_id' AND type='index'
            UNION ALL
            SELECT sql
            FROM sqlite_temp_master
            WHERE name='index_payola_sales_on_coupon_id' AND type='index'

  [1m[36m (1.0ms)[0m  [1mCREATE  INDEX "index_payola_sales_on_email" ON "payola_sales" ("email")[0m
  [1m[35m (0.1ms)[0m              SELECT sql
            FROM sqlite_master
            WHERE name='index_payola_sales_on_email' AND type='index'
            UNION ALL
            SELECT sql
            FROM sqlite_temp_master
            WHERE name='index_payola_sales_on_email' AND type='index'

  [1m[36m (0.1ms)[0m  [1m            SELECT sql
            FROM sqlite_master
            WHERE name='index_payola_sales_on_coupon_id' AND type='index'
            UNION ALL
            SELECT sql
            FROM sqlite_temp_master
            WHERE name='index_payola_sales_on_coupon_id' AND type='index'
[0m
  [1m[35m (0.9ms)[0m  CREATE  INDEX "index_payola_sales_on_guid" ON "payola_sales" ("guid")
  [1m[36m (0.1ms)[0m  [1m            SELECT sql
            FROM sqlite_master
            WHERE name='index_payola_sales_on_guid' AND type='index'
            UNION ALL
            SELECT sql
            FROM sqlite_temp_master
            WHERE name='index_payola_sales_on_guid' AND type='index'
[0m
  [1m[35m (0.1ms)[0m              SELECT sql
            FROM sqlite_master
            WHERE name='index_payola_sales_on_email' AND type='index'
            UNION ALL
            SELECT sql
            FROM sqlite_temp_master
            WHERE name='index_payola_sales_on_email' AND type='index'

  [1m[36m (0.1ms)[0m  [1m            SELECT sql
            FROM sqlite_master
            WHERE name='index_payola_sales_on_coupon_id' AND type='index'
            UNION ALL
            SELECT sql
            FROM sqlite_temp_master
            WHERE name='index_payola_sales_on_coupon_id' AND type='index'
[0m
  [1m[35m (0.9ms)[0m  CREATE  INDEX "index_payola_sales_on_product" ON "payola_sales" ("product_id", "product_type")
  [1m[36m (1.1ms)[0m  [1mCREATE TABLE "payola_stripe_webhooks" ("id" INTEGER PRIMARY KEY AUTOINCREMENT NOT NULL, "stripe_id" varchar(255), "created_at" datetime, "updated_at" datetime) [0m
  [1m[35m (1.2ms)[0m  CREATE TABLE "schema_migrations" ("version" varchar(255) NOT NULL) 
  [1m[36m (1.0ms)[0m  [1mCREATE UNIQUE INDEX "unique_schema_migrations" ON "schema_migrations" ("version")[0m
  [1m[35m (0.1ms)[0m  SELECT version FROM "schema_migrations"
  [1m[36m (0.9ms)[0m  [1mINSERT INTO "schema_migrations" (version) VALUES ('20141001203541')[0m
  [1m[35m (0.7ms)[0m  INSERT INTO "schema_migrations" (version) VALUES ('20141001170138')
  [1m[36m (2.0ms)[0m  [1mCREATE TABLE "payola_sales" ("id" INTEGER PRIMARY KEY AUTOINCREMENT NOT NULL, "email" varchar(255), "guid" varchar(255), "product_id" integer, "product_type" varchar(255), "created_at" datetime, "updated_at" datetime, "state" varchar(255), "stripe_id" varchar(255), "stripe_token" varchar(255), "card_last4" varchar(255), "card_expiration" date, "card_type" varchar(255), "error" text, "amount" integer, "fee_amount" integer, "coupon_id" integer, "opt_in" boolean, "download_count" integer, "affiliate_id" integer, "customer_address" text, "business_address" text) [0m
  [1m[35m (0.2ms)[0m  select sqlite_version(*)
  [1m[36m (0.9ms)[0m  [1mCREATE  INDEX "index_payola_sales_on_coupon_id" ON "payola_sales" ("coupon_id")[0m
  [1m[35m (0.2ms)[0m              SELECT sql
            FROM sqlite_master
            WHERE name='index_payola_sales_on_coupon_id' AND type='index'
            UNION ALL
            SELECT sql
            FROM sqlite_temp_master
            WHERE name='index_payola_sales_on_coupon_id' AND type='index'

  [1m[36m (0.8ms)[0m  [1mCREATE  INDEX "index_payola_sales_on_email" ON "payola_sales" ("email")[0m
  [1m[35m (0.7ms)[0m              SELECT sql
            FROM sqlite_master
            WHERE name='index_payola_sales_on_email' AND type='index'
            UNION ALL
            SELECT sql
            FROM sqlite_temp_master
            WHERE name='index_payola_sales_on_email' AND type='index'

  [1m[36m (0.2ms)[0m  [1m            SELECT sql
            FROM sqlite_master
            WHERE name='index_payola_sales_on_coupon_id' AND type='index'
            UNION ALL
            SELECT sql
            FROM sqlite_temp_master
            WHERE name='index_payola_sales_on_coupon_id' AND type='index'
[0m
  [1m[35m (0.9ms)[0m  CREATE  INDEX "index_payola_sales_on_guid" ON "payola_sales" ("guid")
  [1m[36m (0.1ms)[0m  [1m            SELECT sql
            FROM sqlite_master
            WHERE name='index_payola_sales_on_guid' AND type='index'
            UNION ALL
            SELECT sql
            FROM sqlite_temp_master
            WHERE name='index_payola_sales_on_guid' AND type='index'
[0m
  [1m[35m (0.1ms)[0m              SELECT sql
            FROM sqlite_master
            WHERE name='index_payola_sales_on_email' AND type='index'
            UNION ALL
            SELECT sql
            FROM sqlite_temp_master
            WHERE name='index_payola_sales_on_email' AND type='index'

  [1m[36m (0.1ms)[0m  [1m            SELECT sql
            FROM sqlite_master
            WHERE name='index_payola_sales_on_coupon_id' AND type='index'
            UNION ALL
            SELECT sql
            FROM sqlite_temp_master
            WHERE name='index_payola_sales_on_coupon_id' AND type='index'
[0m
  [1m[35m (0.7ms)[0m  CREATE  INDEX "index_payola_sales_on_product" ON "payola_sales" ("product_id", "product_type")
  [1m[36m (0.7ms)[0m  [1mCREATE TABLE "payola_stripe_webhooks" ("id" INTEGER PRIMARY KEY AUTOINCREMENT NOT NULL, "stripe_id" varchar(255), "created_at" datetime, "updated_at" datetime) [0m
  [1m[35m (1.2ms)[0m  CREATE TABLE "schema_migrations" ("version" varchar(255) NOT NULL) 
  [1m[36m (0.9ms)[0m  [1mCREATE UNIQUE INDEX "unique_schema_migrations" ON "schema_migrations" ("version")[0m
  [1m[35m (0.2ms)[0m  SELECT version FROM "schema_migrations"
  [1m[36m (1.0ms)[0m  [1mINSERT INTO "schema_migrations" (version) VALUES ('20141001203541')[0m
  [1m[35m (0.9ms)[0m  INSERT INTO "schema_migrations" (version) VALUES ('20141001170138')
